<?xml version="1.0" encoding="UTF-8" ?>
<testsuite errors="0" failures="0" hostname="MacBook-Pro--scobca.local" name="org.example.tests.ResultsBeanTest" skipped="0" tests="4" time="0.44" timestamp="2026-06-05T14:03:12">
  <properties>
[...]
</properties>
  <testcase classname="org.example.tests.ResultsBeanTest" name="testInit" time="0.404" />
  <testcase classname="org.example.tests.ResultsBeanTest" name="testAddResult" time="0.001" />
  <testcase classname="org.example.tests.ResultsBeanTest" name="testInitException" time="0.001" />
  <testcase classname="org.example.tests.ResultsBeanTest" name="testClearResults" time="0.002" />
  <system-out><![CDATA[]]></system-out>
  <system-err><![CDATA[]]></system-err>
</testsuite>
